13:43:04.548 [TestNG-test-Surefire test-1] ERROR - Failed to initialize WebDriver for browser: safari
13:43:04.858 [TestNG-test-Surefire test-1] DEBUG - Parsing relationship: /xl/charts/_rels/chart4.xml.rels
13:43:04.859 [TestNG-test-Surefire test-1] DEBUG - Parsing relationship: /xl/charts/_rels/chart5.xml.rels
13:43:04.859 [TestNG-test-Surefire test-1] DEBUG - Parsing relationship: /xl/charts/_rels/chart6.xml.rels
13:43:04.860 [TestNG-test-Surefire test-1] DEBUG - Parsing relationship: /xl/charts/_rels/chart8.xml.rels
13:43:04.860 [TestNG-test-Surefire test-1] DEBUG - Parsing relationship: /xl/charts/_rels/chart11.xml.rels
13:43:04.860 [TestNG-test-Surefire test-1] DEBUG - Parsing relationship: /xl/drawings/_rels/drawing1.xml.rels
13:43:04.861 [TestNG-test-Surefire test-1] DEBUG - Parsing relationship: /xl/drawings/_rels/drawing5.xml.rels
13:43:04.861 [TestNG-test-Surefire test-1] DEBUG - Parsing relationship: /xl/drawings/_rels/drawing7.xml.rels
13:43:04.862 [TestNG-test-Surefire test-1] DEBUG - Parsing relationship: /xl/drawings/_rels/drawing8.xml.rels
13:43:04.862 [TestNG-test-Surefire test-1] DEBUG - Parsing relationship: /xl/drawings/_rels/drawing10.xml.rels
13:43:04.863 [TestNG-test-Surefire test-1] DEBUG - Parsing relationship: /xl/drawings/_rels/drawing11.xml.rels
13:43:04.863 [TestNG-test-Surefire test-1] DEBUG - Parsing relationship: /xl/_rels/workbook.xml.rels
13:43:04.864 [TestNG-test-Surefire test-1] DEBUG - Parsing relationship: /xl/worksheets/_rels/sheet1.xml.rels
13:43:04.865 [TestNG-test-Surefire test-1] DEBUG - Parsing relationship: /xl/worksheets/_rels/sheet2.xml.rels
13:43:04.865 [TestNG-test-Surefire test-1] DEBUG - Parsing relationship: /xl/worksheets/_rels/sheet3.xml.rels
13:43:04.866 [TestNG-test-Surefire test-1] DEBUG - Parsing relationship: /xl/worksheets/_rels/sheet4.xml.rels
13:43:04.866 [TestNG-test-Surefire test-1] DEBUG - Parsing relationship: /xl/worksheets/_rels/sheet5.xml.rels
13:43:04.866 [TestNG-test-Surefire test-1] DEBUG - Parsing relationship: /xl/worksheets/_rels/sheet6.xml.rels
13:43:04.867 [TestNG-test-Surefire test-1] DEBUG - Parsing relationship: /xl/worksheets/_rels/sheet7.xml.rels
13:43:04.867 [TestNG-test-Surefire test-1] DEBUG - Parsing relationship: /xl/worksheets/_rels/sheet8.xml.rels
13:43:04.867 [TestNG-test-Surefire test-1] DEBUG - Parsing relationship: /_rels/.rels
13:43:04.927 [TestNG-test-Surefire test-1] TRACE - Loading type system org.apache.poi.schemas.ooxml.system.ooxml
13:43:04.929 [TestNG-test-Surefire test-1] TRACE - Loading type system org.apache.xmlbeans.metadata.system.sXMLCONFIG
13:43:04.929 [TestNG-test-Surefire test-1] TRACE - Loading type system org.apache.xmlbeans.metadata.system.sXMLLANG
13:43:04.929 [TestNG-test-Surefire test-1] TRACE - Loading type system org.apache.xmlbeans.metadata.system.sXMLSCHEMA
13:43:04.929 [TestNG-test-Surefire test-1] TRACE - Loading type system org.apache.xmlbeans.metadata.system.sXMLTOOLS
13:43:04.930 [TestNG-test-Surefire test-1] TRACE - Reading unresolved handles for type system org.apache.xmlbeans.metadata.system.sXMLTOOLS
13:43:04.935 [TestNG-test-Surefire test-1] TRACE - Finished loading type system org.apache.xmlbeans.metadata.system.sXMLTOOLS
13:43:04.936 [TestNG-test-Surefire test-1] TRACE - Reading unresolved handles for type system org.apache.xmlbeans.metadata.system.sXMLSCHEMA
13:43:04.941 [TestNG-test-Surefire test-1] TRACE - Finished loading type system org.apache.xmlbeans.metadata.system.sXMLSCHEMA
13:43:04.941 [TestNG-test-Surefire test-1] TRACE - Reading unresolved handles for type system org.apache.xmlbeans.metadata.system.sXMLLANG
13:43:04.942 [TestNG-test-Surefire test-1] TRACE - Finished loading type system org.apache.xmlbeans.metadata.system.sXMLLANG
13:43:04.942 [TestNG-test-Surefire test-1] TRACE - Reading unresolved handles for type system org.apache.xmlbeans.metadata.system.sXMLCONFIG
13:43:04.942 [TestNG-test-Surefire test-1] TRACE - Finished loading type system org.apache.xmlbeans.metadata.system.sXMLCONFIG
13:43:04.942 [TestNG-test-Surefire test-1] TRACE - Reading unresolved handles for type system org.apache.poi.schemas.ooxml.system.ooxml
13:43:04.974 [TestNG-test-Surefire test-1] TRACE - Finished loading type system org.apache.poi.schemas.ooxml.system.ooxml
13:43:04.975 [TestNG-test-Surefire test-1] TRACE - Resolving type for handle stylesheet5d8bdoctype
13:43:04.997 [TestNG-test-Surefire test-1] TRACE - Resolving type for handle ctstylesheet4257type
13:43:05.000 [TestNG-test-Surefire test-1] TRACE - Resolving type for handle ctcolors6579type
13:43:05.002 [TestNG-test-Surefire test-1] TRACE - Resolving type for handle ctfonts6623type
13:43:05.004 [TestNG-test-Surefire test-1] TRACE - Resolving type for handle ctfont14d8type
13:43:05.006 [TestNG-test-Surefire test-1] TRACE - Resolving type for handle ctfills2c6ftype
13:43:05.007 [TestNG-test-Surefire test-1] TRACE - Resolving type for handle ctfill550ctype
13:43:05.007 [TestNG-test-Surefire test-1] TRACE - Resolving type for handle ctborders0d66type
13:43:05.008 [TestNG-test-Surefire test-1] TRACE - Resolving type for handle ctborderf935type
13:43:05.009 [TestNG-test-Surefire test-1] TRACE - Resolving type for handle ctcellxfs1322type
13:43:05.010 [TestNG-test-Surefire test-1] TRACE - Resolving type for handle ctxf97f7type
13:43:05.012 [TestNG-test-Surefire test-1] TRACE - Resolving type for handle ctcellstylexfsa81ftype
13:43:05.013 [TestNG-test-Surefire test-1] TRACE - Resolving type for handle ctdxfsb26atype
13:43:05.014 [TestNG-test-Surefire test-1] TRACE - Resolving type for handle cttablestyles872ftype
13:43:05.016 [TestNG-test-Surefire test-1] TRACE - Resolving type for handle sstf81fdoctype
13:43:05.018 [TestNG-test-Surefire test-1] TRACE - Resolving type for handle ctsst44f3type
13:43:05.022 [TestNG-test-Surefire test-1] TRACE - Resolving type for handle ctrsta472type
13:43:05.034 [TestNG-test-Surefire test-1] TRACE - Resolving type for handle themefd26doctype
13:43:05.037 [TestNG-test-Surefire test-1] DEBUG - using default POIXMLDocumentPart for http://schemas.openxmlformats.org/officeDocument/2006/relationships/printerSettings
13:43:05.038 [TestNG-test-Surefire test-1] TRACE - Resolving type for handle ctdrawing2748type
13:43:05.044 [TestNG-test-Surefire test-1] TRACE - Resolving type for handle chartspace36e0doctype
13:43:05.046 [TestNG-test-Surefire test-1] TRACE - Resolving type for handle ctchartspacef9b4type
13:43:05.053 [TestNG-test-Surefire test-1] DEBUG - using default POIXMLDocumentPart for http://schemas.openxmlformats.org/officeDocument/2006/relationships/chartUserShapes
13:43:05.053 [TestNG-test-Surefire test-1] DEBUG - using default POIXMLDocumentPart for http://schemas.openxmlformats.org/officeDocument/2006/relationships/chartUserShapes
13:43:05.053 [TestNG-test-Surefire test-1] DEBUG - using default POIXMLDocumentPart for http://schemas.openxmlformats.org/officeDocument/2006/relationships/chartUserShapes
13:43:05.053 [TestNG-test-Surefire test-1] DEBUG - using default POIXMLDocumentPart for http://schemas.openxmlformats.org/officeDocument/2006/relationships/printerSettings
13:43:05.056 [TestNG-test-Surefire test-1] DEBUG - using default POIXMLDocumentPart for http://schemas.openxmlformats.org/officeDocument/2006/relationships/chartUserShapes
13:43:05.056 [TestNG-test-Surefire test-1] DEBUG - using default POIXMLDocumentPart for http://schemas.openxmlformats.org/officeDocument/2006/relationships/printerSettings
13:43:05.057 [TestNG-test-Surefire test-1] DEBUG - using default POIXMLDocumentPart for http://schemas.openxmlformats.org/officeDocument/2006/relationships/printerSettings
13:43:05.060 [TestNG-test-Surefire test-1] DEBUG - using default POIXMLDocumentPart for http://schemas.openxmlformats.org/officeDocument/2006/relationships/chartUserShapes
13:43:05.060 [TestNG-test-Surefire test-1] DEBUG - using default POIXMLDocumentPart for http://schemas.openxmlformats.org/officeDocument/2006/relationships/printerSettings
13:43:05.060 [TestNG-test-Surefire test-1] DEBUG - using default POIXMLDocumentPart for http://schemas.openxmlformats.org/officeDocument/2006/relationships/printerSettings
13:43:05.062 [TestNG-test-Surefire test-1] DEBUG - using default POIXMLDocumentPart for http://schemas.openxmlformats.org/officeDocument/2006/relationships/printerSettings
13:43:05.064 [TestNG-test-Surefire test-1] DEBUG - using default POIXMLDocumentPart for http://schemas.openxmlformats.org/officeDocument/2006/relationships/printerSettings
13:43:05.065 [TestNG-test-Surefire test-1] TRACE - Resolving type for handle workbookec17doctype
13:43:05.066 [TestNG-test-Surefire test-1] TRACE - Resolving type for handle ctworkbook83c3type
13:43:05.068 [TestNG-test-Surefire test-1] TRACE - Resolving type for handle ctsheets49fdtype
13:43:05.069 [TestNG-test-Surefire test-1] TRACE - Resolving type for handle ctsheet4dbetype
13:43:05.070 [TestNG-test-Surefire test-1] TRACE - Resolving type for handle strelationshipid1e94type
13:43:05.071 [TestNG-test-Surefire test-1] TRACE - Resolving type for handle worksheetf539doctype
13:43:05.072 [TestNG-test-Surefire test-1] TRACE - Resolving type for handle ctworksheet530dtype
13:43:05.075 [TestNG-test-Surefire test-1] TRACE - Resolving type for handle ctcols627ctype
13:43:05.077 [TestNG-test-Surefire test-1] TRACE - Resolving type for handle ctcola95ftype
13:43:05.084 [TestNG-test-Surefire test-1] TRACE - Resolving type for handle ctsheetdata8408type
13:43:05.085 [TestNG-test-Surefire test-1] TRACE - Resolving type for handle ctrowdd39type
13:43:05.087 [TestNG-test-Surefire test-1] TRACE - Resolving type for handle ctcell842btype
13:43:05.090 [TestNG-test-Surefire test-1] TRACE - Resolving type for handle stcellrefe4e0type
13:43:05.108 [TestNG-test-Surefire test-1] TRACE - Resolving type for handle ctdefinednamesce48type
13:43:05.110 [TestNG-test-Surefire test-1] TRACE - Resolving type for handle ctdefinedname9413type
13:43:05.112 [TestNG-test-Surefire test-1] TRACE - Resolving type for handle stxstringf179type
13:43:05.115 [TestNG-test-Surefire test-1] TRACE - Resolving type for handle stsheetstate158btype
13:43:05.122 [TestNG-test-Surefire test-1] TRACE - Resolving type for handle stcelltypebf95type
13:43:05.125 [TestNG-test-Surefire test-1] TRACE - Resolving type for handle ctdrawing44fdtype
13:43:05.129 [TestNG-test-Surefire test-1] TRACE - Resolving type for handle cttwocellanchor1e8dtype
13:43:05.131 [TestNG-test-Surefire test-1] TRACE - Resolving type for handle ctmarkeree8etype
13:43:05.131 [TestNG-test-Surefire test-1] TRACE - Resolving type for handle strowidf4cftype
13:43:05.136 [TestNG-test-Surefire test-1] TRACE - Resolving type for handle ctmergecells1242type
13:43:05.137 [TestNG-test-Surefire test-1] TRACE - Resolving type for handle ctmergecelle8d9type
13:43:05.137 [TestNG-test-Surefire test-1] TRACE - Resolving type for handle stref90a2type
13:43:05.147 [TestNG-test-Surefire test-1] TRACE - Resolving type for handle stnumfmtid76fbtype
13:43:05.148 [TestNG-test-Surefire test-1] TRACE - Resolving type for handle stfontid9d63type
13:43:05.148 [TestNG-test-Surefire test-1] TRACE - Resolving type for handle stfillida097type
13:43:05.148 [TestNG-test-Surefire test-1] TRACE - Resolving type for handle stborderid1a80type
13:43:05.149 [TestNG-test-Surefire test-1] TRACE - Resolving type for handle stcellstylexfid70c7type
13:43:05.150 [TestNG-test-Surefire test-1] TRACE - Resolving type for handle ctcellalignmentb580type
13:43:05.151 [TestNG-test-Surefire test-1] TRACE - Resolving type for handle stverticalalignmentd35ctype
13:43:05.151 [TestNG-test-Surefire test-1] TRACE - Resolving type for handle ctborderpre497type
13:43:05.152 [TestNG-test-Surefire test-1] TRACE - Resolving type for handle stborderstylec774type
13:43:05.152 [TestNG-test-Surefire test-1] TRACE - Resolving type for handle ctcolord2c2type
13:43:05.155 [TestNG-test-Surefire test-1] TRACE - Resolving type for handle sthorizontalalignmentf92etype
13:43:05.156 [TestNG-test-Surefire test-1] TRACE - Resolving type for handle ctchartc108type
13:43:05.157 [TestNG-test-Surefire test-1] TRACE - Resolving type for handle cttitleb54etype
13:43:05.177 [TestNG-test-Surefire test-1] TRACE - Resolving type for handle cttx9678type
13:43:05.178 [TestNG-test-Surefire test-1] TRACE - Resolving type for handle cttextbodya3catype
13:43:05.179 [TestNG-test-Surefire test-1] TRACE - Resolving type for handle cttextparagraphcaf2type
13:43:05.180 [TestNG-test-Surefire test-1] TRACE - Resolving type for handle ctregulartextrun7e3dtype
13:43:05.185 [TestNG-test-Surefire test-1] TRACE - Resolving type for handle ctplotarea106etype
13:43:05.187 [TestNG-test-Surefire test-1] TRACE - Resolving type for handle ctcatax7159type
13:43:05.188 [TestNG-test-Surefire test-1] TRACE - Resolving type for handle ctunsignedinte8ectype
13:43:05.189 [TestNG-test-Surefire test-1] TRACE - Resolving type for handle ctvalaxd06etype
13:43:05.190 [TestNG-test-Surefire test-1] TRACE - Resolving type for handle ctbarchart4151type
13:43:05.192 [TestNG-test-Surefire test-1] TRACE - Resolving type for handle ctbardir5f42type
13:43:05.193 [TestNG-test-Surefire test-1] TRACE - Resolving type for handle ctbarser960ftype
13:43:05.194 [TestNG-test-Surefire test-1] TRACE - Resolving type for handle ctaxdatasource1440type
13:43:05.194 [TestNG-test-Surefire test-1] TRACE - Resolving type for handle ctnumdatasourcef0bbtype
13:43:05.195 [TestNG-test-Surefire test-1] TRACE - Resolving type for handle ctstrref5d1atype
13:43:05.196 [TestNG-test-Surefire test-1] TRACE - Resolving type for handle ctstrdatad58btype
13:43:05.196 [TestNG-test-Surefire test-1] TRACE - Resolving type for handle ctnumref062ftype
13:43:05.197 [TestNG-test-Surefire test-1] TRACE - Resolving type for handle ctnumdata4f16type
13:43:05.203 [TestNG-test-Surefire test-1] TRACE - Resolving type for handle ctworkbookpr03a5type
13:43:05.204 [TestNG-test-Surefire test-1] TRACE - Resolving type for handle ctbookviewsb864type
13:43:05.205 [TestNG-test-Surefire test-1] TRACE - Resolving type for handle ctbookviewf677type
13:43:05.206 [TestNG-test-Surefire test-1] TRACE - Resolving type for handle propertiesee84doctype
13:43:05.207 [TestNG-test-Surefire test-1] TRACE - Resolving type for handle ctproperties3f10type
13:43:05.208 [TestNG-test-Surefire test-1] TRACE - Resolving type for handle properties288cdoctype
13:43:05.209 [TestNG-test-Surefire test-1] TRACE - Resolving type for handle ctproperties2c18type
13:43:05.210 [TestNG-test-Surefire test-1] TRACE - Resolving type for handle ctfontsizeb3b9type
13:43:05.211 [TestNG-test-Surefire test-1] TRACE - Resolving type for handle ctfontname2dc3type
13:43:05.211 [TestNG-test-Surefire test-1] TRACE - Resolving type for handle ctfontfamily685ctype
13:43:05.211 [TestNG-test-Surefire test-1] TRACE - Resolving type for handle stfontfamily9c6ctype
13:43:05.212 [TestNG-test-Surefire test-1] TRACE - Resolving type for handle ctfontschemebf5dtype
13:43:05.212 [TestNG-test-Surefire test-1] TRACE - Resolving type for handle stfontschemef36dtype
13:43:05.213 [TestNG-test-Surefire test-1] TRACE - Resolving type for handle ctpatternfill7452type
13:43:05.214 [TestNG-test-Surefire test-1] TRACE - Resolving type for handle stpatterntype7939type
13:43:05.215 [TestNG-test-Surefire test-1] TRACE - Resolving type for handle ctsheetformatprdef7type
13:43:05.216 [TestNG-test-Surefire test-1] TRACE - Resolving type for handle ctsheetviewsb918type
13:43:05.217 [TestNG-test-Surefire test-1] TRACE - Resolving type for handle ctsheetview0f43type
13:43:05.219 [TestNG-test-Surefire test-1] TRACE - Resolving type for handle ctsheetdimensiond310type
13:43:05.219 [TestNG-test-Surefire test-1] TRACE - Resolving type for handle ctpagemargins5455type
13:43:05.221 [TestNG-test-Surefire test-1] TRACE - Resolving type for handle ctstrval86cctype
13:43:05.221 [TestNG-test-Surefire test-1] TRACE - Resolving type for handle ctnumval2fe1type
13:43:05.224 [TestNG-test-Surefire test-1] TRACE - Resolving type for handle ctbooleanproperty1f3ctype
13:43:05.226 [TestNG-test-Surefire test-1] TRACE - Resolving type for handle stunsignedinthex27datype
13:43:05.238 [TestNG-test-Surefire test-1] TRACE - Resolving type for handle ctsheetprotection22f7type
13:43:05.248 [TestNG-test-Surefire test-1] TRACE - Resolving type for handle ctpaneaab1type
13:43:05.249 [TestNG-test-Surefire test-1] TRACE - Resolving type for handle stpane2ac1type
13:43:05.249 [TestNG-test-Surefire test-1] TRACE - Resolving type for handle stpanestateae58type
13:43:05.250 [TestNG-test-Surefire test-1] TRACE - Resolving type for handle ctselectionca2btype
13:43:05.262 [TestNG-test-Surefire test-1] TRACE - Resolving type for handle ctworkbookprotection56bctype
13:43:05.279 [TestNG-test-Surefire test-1] TRACE - Resolving type for handle ctnumfmtsb58btype
13:43:05.294 [TestNG-test-Surefire test-1] DEBUG - Save content types part
13:43:05.322 [TestNG-test-Surefire test-1] DEBUG - Save package relationships
13:43:05.323 [TestNG-test-Surefire test-1] DEBUG - Save part 'docProps/app.xml'
13:43:05.324 [TestNG-test-Surefire test-1] DEBUG - Save part 'docProps/core.xml'
13:43:05.325 [TestNG-test-Surefire test-1] DEBUG - Save part 'xl/charts/chart1.xml'
13:43:05.325 [TestNG-test-Surefire test-1] DEBUG - Save part 'xl/charts/chart2.xml'
13:43:05.325 [TestNG-test-Surefire test-1] DEBUG - Save part 'xl/charts/chart3.xml'
13:43:05.325 [TestNG-test-Surefire test-1] DEBUG - Save part 'xl/charts/chart4.xml'
13:43:05.326 [TestNG-test-Surefire test-1] DEBUG - Save part 'xl/charts/chart5.xml'
13:43:05.326 [TestNG-test-Surefire test-1] DEBUG - Save part 'xl/charts/chart6.xml'
13:43:05.327 [TestNG-test-Surefire test-1] DEBUG - Save part 'xl/charts/chart7.xml'
13:43:05.327 [TestNG-test-Surefire test-1] DEBUG - Save part 'xl/charts/chart8.xml'
13:43:05.327 [TestNG-test-Surefire test-1] DEBUG - Save part 'xl/charts/chart9.xml'
13:43:05.327 [TestNG-test-Surefire test-1] DEBUG - Save part 'xl/charts/chart10.xml'
13:43:05.328 [TestNG-test-Surefire test-1] DEBUG - Save part 'xl/charts/chart11.xml'
13:43:05.328 [TestNG-test-Surefire test-1] DEBUG - Save part 'xl/charts/chart12.xml'
13:43:05.328 [TestNG-test-Surefire test-1] DEBUG - Save part 'xl/charts/chart13.xml'
13:43:05.328 [TestNG-test-Surefire test-1] DEBUG - Save part 'xl/drawings/drawing1.xml'
13:43:05.331 [TestNG-test-Surefire test-1] DEBUG - Save part 'xl/drawings/drawing2.xml'
13:43:05.331 [TestNG-test-Surefire test-1] DEBUG - Save part 'xl/drawings/drawing3.xml'
13:43:05.331 [TestNG-test-Surefire test-1] DEBUG - Save part 'xl/drawings/drawing4.xml'
13:43:05.331 [TestNG-test-Surefire test-1] DEBUG - Save part 'xl/drawings/drawing5.xml'
13:43:05.332 [TestNG-test-Surefire test-1] DEBUG - Save part 'xl/drawings/drawing6.xml'
13:43:05.333 [TestNG-test-Surefire test-1] DEBUG - Save part 'xl/drawings/drawing7.xml'
13:43:05.333 [TestNG-test-Surefire test-1] DEBUG - Save part 'xl/drawings/drawing8.xml'
13:43:05.334 [TestNG-test-Surefire test-1] DEBUG - Save part 'xl/drawings/drawing9.xml'
13:43:05.334 [TestNG-test-Surefire test-1] DEBUG - Save part 'xl/printerSettings/printerSettings1.bin'
13:43:05.334 [TestNG-test-Surefire test-1] DEBUG - Save part 'xl/printerSettings/printerSettings2.bin'
13:43:05.334 [TestNG-test-Surefire test-1] DEBUG - Save part 'xl/printerSettings/printerSettings3.bin'
13:43:05.334 [TestNG-test-Surefire test-1] DEBUG - Save part 'xl/printerSettings/printerSettings4.bin'
13:43:05.334 [TestNG-test-Surefire test-1] DEBUG - Save part 'xl/printerSettings/printerSettings5.bin'
13:43:05.334 [TestNG-test-Surefire test-1] DEBUG - Save part 'xl/printerSettings/printerSettings8.bin'
13:43:05.335 [TestNG-test-Surefire test-1] DEBUG - Save part 'xl/sharedStrings.xml'
13:43:05.335 [TestNG-test-Surefire test-1] DEBUG - Save part 'xl/styles.xml'
13:43:05.335 [TestNG-test-Surefire test-1] DEBUG - Save part 'xl/theme/theme1.xml'
13:43:05.335 [TestNG-test-Surefire test-1] DEBUG - Save part 'xl/workbook.xml'
13:43:05.336 [TestNG-test-Surefire test-1] DEBUG - Save part 'xl/worksheets/sheet1.xml'
13:43:05.336 [TestNG-test-Surefire test-1] DEBUG - Save part 'xl/worksheets/sheet2.xml'
13:43:05.337 [TestNG-test-Surefire test-1] DEBUG - Save part 'xl/worksheets/sheet3.xml'
13:43:05.337 [TestNG-test-Surefire test-1] DEBUG - Save part 'xl/worksheets/sheet4.xml'
13:43:05.337 [TestNG-test-Surefire test-1] DEBUG - Save part 'xl/worksheets/sheet5.xml'
13:43:05.338 [TestNG-test-Surefire test-1] DEBUG - Save part 'xl/worksheets/sheet8.xml'
13:43:05.377 [main] TRACE - [Graph] ADDING NODE AbstractTestNGCucumberTests.runScenario(io.cucumber.testng.PickleWrapper,io.cucumber.testng.FeatureWrapper)[pri:0, instance:testRunners.ParallelRunner@13ad5cd3] -820230748
13:43:05.377 [main] TRACE - [Graph] ================ SORTING
13:43:05.377 [main] TRACE - [Graph] =============== DONE SORTING
13:43:05.377 [main] TRACE - [Graph] ====== SORTED NODES
13:43:05.377 [main] TRACE - [Graph] ====== END SORTED NODES
13:44:28.563 [main] TRACE - [Graph] ADDING NODE AbstractTestNGCucumberTests.setUpClass(org.testng.ITestContext)[pri:0, instance:null] -393284817
13:44:28.564 [main] TRACE - [Graph] ================ SORTING
13:44:28.565 [main] TRACE - [Graph] =============== DONE SORTING
13:44:28.565 [main] TRACE - [Graph] ====== SORTED NODES
13:44:28.565 [main] TRACE - [Graph] ====== END SORTED NODES
13:44:28.566 [main] TRACE - [Graph] ADDING NODE AbstractTestNGCucumberTests.tearDownClass()[pri:0, instance:null] 1523153566
13:44:28.566 [main] TRACE - [Graph] ================ SORTING
13:44:28.566 [main] TRACE - [Graph] =============== DONE SORTING
13:44:28.566 [main] TRACE - [Graph] ====== SORTED NODES
13:44:28.566 [main] TRACE - [Graph] ====== END SORTED NODES
13:44:28.571 [main] TRACE - [Graph] ADDING NODE AbstractTestNGCucumberTests.runScenario(io.cucumber.testng.PickleWrapper,io.cucumber.testng.FeatureWrapper)[pri:0, instance:testRunners.ParallelRunner@13ad5cd3] -820230748
13:44:28.571 [main] TRACE - [Graph] ================ SORTING
13:44:28.571 [main] TRACE - [Graph] =============== DONE SORTING
13:44:28.571 [main] TRACE - [Graph] ====== SORTED NODES
13:44:28.571 [main] TRACE - [Graph] ====== END SORTED NODES
13:44:29.968 [TestNG-test-Surefire test-1] ERROR - Error initializing LambdaTest driver: Could not start a new session. Response code 401. Message: Unauthorized, either Username or AccessKey is invalid. 
Host info: host: 'Srinivass-MacBook-Air.local', ip: 'fe80:0:0:0:14fc:fd7:f985:d693%en0'
Build info: version: '4.26.0', revision: '8ccf0219d7'
System info: os.name: 'Mac OS X', os.arch: 'aarch64', os.version: '15.1.1', java.version: '22.0.2'
Driver info: org.openqa.selenium.remote.RemoteWebDriver
Command: [null, newSession {capabilities=[Capabilities {LT:Options: {accessKey: sdfjkewsjrwehdsjkfsdfhjsdfj..., build: OpencartLambdaTestBuild, project: OpencartLambdaTestProject, username: XYZABC, video: true, visual: true}, browserName: safari, platformName: Macos sequoia}]}]
Capabilities {LT:Options: {accessKey: sdfjkewsjrwehdsjkfsdfhjsdfj..., build: OpencartLambdaTestBuild, project: OpencartLambdaTestProject, username: XYZABC, video: true, visual: true}, browserName: safari, platformName: Macos sequoia}
13:44:29.968 [TestNG-test-Surefire test-1] ERROR - Failed to initialize WebDriver for browser: safari
13:44:30.771 [TestNG-test-Surefire test-1] ERROR - Error initializing LambdaTest driver: Could not start a new session. Response code 401. Message: Unauthorized, either Username or AccessKey is invalid. 
Host info: host: 'Srinivass-MacBook-Air.local', ip: 'fe80:0:0:0:14fc:fd7:f985:d693%en0'
Build info: version: '4.26.0', revision: '8ccf0219d7'
System info: os.name: 'Mac OS X', os.arch: 'aarch64', os.version: '15.1.1', java.version: '22.0.2'
Driver info: org.openqa.selenium.remote.RemoteWebDriver
Command: [null, newSession {capabilities=[Capabilities {LT:Options: {accessKey: sdfjkewsjrwehdsjkfsdfhjsdfj..., build: OpencartLambdaTestBuild, project: OpencartLambdaTestProject, username: XYZABC, video: true, visual: true}, browserName: safari, platformName: Macos sequoia}]}]
Capabilities {LT:Options: {accessKey: sdfjkewsjrwehdsjkfsdfhjsdfj..., build: OpencartLambdaTestBuild, project: OpencartLambdaTestProject, username: XYZABC, video: true, visual: true}, browserName: safari, platformName: Macos sequoia}
13:44:30.771 [TestNG-test-Surefire test-1] ERROR - Failed to initialize WebDriver for browser: safari
13:44:31.040 [TestNG-test-Surefire test-1] DEBUG - Parsing relationship: /xl/charts/_rels/chart4.xml.rels
13:44:31.041 [TestNG-test-Surefire test-1] DEBUG - Parsing relationship: /xl/charts/_rels/chart5.xml.rels
13:44:31.042 [TestNG-test-Surefire test-1] DEBUG - Parsing relationship: /xl/charts/_rels/chart6.xml.rels
13:44:31.042 [TestNG-test-Surefire test-1] DEBUG - Parsing relationship: /xl/charts/_rels/chart8.xml.rels
13:44:31.042 [TestNG-test-Surefire test-1] DEBUG - Parsing relationship: /xl/charts/_rels/chart11.xml.rels
13:44:31.043 [TestNG-test-Surefire test-1] DEBUG - Parsing relationship: /xl/drawings/_rels/drawing1.xml.rels
13:44:31.043 [TestNG-test-Surefire test-1] DEBUG - Parsing relationship: /xl/drawings/_rels/drawing5.xml.rels
13:44:31.044 [TestNG-test-Surefire test-1] DEBUG - Parsing relationship: /xl/drawings/_rels/drawing7.xml.rels
13:44:31.044 [TestNG-test-Surefire test-1] DEBUG - Parsing relationship: /xl/drawings/_rels/drawing8.xml.rels
13:44:31.045 [TestNG-test-Surefire test-1] DEBUG - Parsing relationship: /xl/drawings/_rels/drawing10.xml.rels
13:44:31.045 [TestNG-test-Surefire test-1] DEBUG - Parsing relationship: /xl/drawings/_rels/drawing11.xml.rels
13:44:31.046 [TestNG-test-Surefire test-1] DEBUG - Parsing relationship: /xl/_rels/workbook.xml.rels
13:44:31.046 [TestNG-test-Surefire test-1] DEBUG - Parsing relationship: /xl/worksheets/_rels/sheet1.xml.rels
13:44:31.047 [TestNG-test-Surefire test-1] DEBUG - Parsing relationship: /xl/worksheets/_rels/sheet2.xml.rels
13:44:31.047 [TestNG-test-Surefire test-1] DEBUG - Parsing relationship: /xl/worksheets/_rels/sheet3.xml.rels
13:44:31.048 [TestNG-test-Surefire test-1] DEBUG - Parsing relationship: /xl/worksheets/_rels/sheet4.xml.rels
13:44:31.048 [TestNG-test-Surefire test-1] DEBUG - Parsing relationship: /xl/worksheets/_rels/sheet5.xml.rels
13:44:31.048 [TestNG-test-Surefire test-1] DEBUG - Parsing relationship: /xl/worksheets/_rels/sheet6.xml.rels
13:44:31.049 [TestNG-test-Surefire test-1] DEBUG - Parsing relationship: /xl/worksheets/_rels/sheet7.xml.rels
13:44:31.049 [TestNG-test-Surefire test-1] DEBUG - Parsing relationship: /xl/worksheets/_rels/sheet8.xml.rels
13:44:31.049 [TestNG-test-Surefire test-1] DEBUG - Parsing relationship: /_rels/.rels
13:44:31.103 [TestNG-test-Surefire test-1] TRACE - Loading type system org.apache.poi.schemas.ooxml.system.ooxml
13:44:31.104 [TestNG-test-Surefire test-1] TRACE - Loading type system org.apache.xmlbeans.metadata.system.sXMLCONFIG
13:44:31.104 [TestNG-test-Surefire test-1] TRACE - Loading type system org.apache.xmlbeans.metadata.system.sXMLLANG
13:44:31.105 [TestNG-test-Surefire test-1] TRACE - Loading type system org.apache.xmlbeans.metadata.system.sXMLSCHEMA
13:44:31.105 [TestNG-test-Surefire test-1] TRACE - Loading type system org.apache.xmlbeans.metadata.system.sXMLTOOLS
13:44:31.105 [TestNG-test-Surefire test-1] TRACE - Reading unresolved handles for type system org.apache.xmlbeans.metadata.system.sXMLTOOLS
13:44:31.109 [TestNG-test-Surefire test-1] TRACE - Finished loading type system org.apache.xmlbeans.metadata.system.sXMLTOOLS
13:44:31.109 [TestNG-test-Surefire test-1] TRACE - Reading unresolved handles for type system org.apache.xmlbeans.metadata.system.sXMLSCHEMA
13:44:31.114 [TestNG-test-Surefire test-1] TRACE - Finished loading type system org.apache.xmlbeans.metadata.system.sXMLSCHEMA
13:44:31.115 [TestNG-test-Surefire test-1] TRACE - Reading unresolved handles for type system org.apache.xmlbeans.metadata.system.sXMLLANG
13:44:31.115 [TestNG-test-Surefire test-1] TRACE - Finished loading type system org.apache.xmlbeans.metadata.system.sXMLLANG
13:44:31.115 [TestNG-test-Surefire test-1] TRACE - Reading unresolved handles for type system org.apache.xmlbeans.metadata.system.sXMLCONFIG
13:44:31.115 [TestNG-test-Surefire test-1] TRACE - Finished loading type system org.apache.xmlbeans.metadata.system.sXMLCONFIG
13:44:31.116 [TestNG-test-Surefire test-1] TRACE - Reading unresolved handles for type system org.apache.poi.schemas.ooxml.system.ooxml
13:44:31.146 [TestNG-test-Surefire test-1] TRACE - Finished loading type system org.apache.poi.schemas.ooxml.system.ooxml
13:44:31.146 [TestNG-test-Surefire test-1] TRACE - Resolving type for handle stylesheet5d8bdoctype
13:44:31.166 [TestNG-test-Surefire test-1] TRACE - Resolving type for handle ctstylesheet4257type
13:44:31.168 [TestNG-test-Surefire test-1] TRACE - Resolving type for handle ctcolors6579type
13:44:31.169 [TestNG-test-Surefire test-1] TRACE - Resolving type for handle ctfonts6623type
13:44:31.170 [TestNG-test-Surefire test-1] TRACE - Resolving type for handle ctfont14d8type
13:44:31.173 [TestNG-test-Surefire test-1] TRACE - Resolving type for handle ctfills2c6ftype
13:44:31.173 [TestNG-test-Surefire test-1] TRACE - Resolving type for handle ctfill550ctype
13:44:31.174 [TestNG-test-Surefire test-1] TRACE - Resolving type for handle ctborders0d66type
13:44:31.174 [TestNG-test-Surefire test-1] TRACE - Resolving type for handle ctborderf935type
13:44:31.175 [TestNG-test-Surefire test-1] TRACE - Resolving type for handle ctcellxfs1322type
13:44:31.176 [TestNG-test-Surefire test-1] TRACE - Resolving type for handle ctxf97f7type
13:44:31.178 [TestNG-test-Surefire test-1] TRACE - Resolving type for handle ctcellstylexfsa81ftype
13:44:31.178 [TestNG-test-Surefire test-1] TRACE - Resolving type for handle ctdxfsb26atype
13:44:31.179 [TestNG-test-Surefire test-1] TRACE - Resolving type for handle cttablestyles872ftype
13:44:31.180 [TestNG-test-Surefire test-1] TRACE - Resolving type for handle sstf81fdoctype
13:44:31.182 [TestNG-test-Surefire test-1] TRACE - Resolving type for handle ctsst44f3type
13:44:31.185 [TestNG-test-Surefire test-1] TRACE - Resolving type for handle ctrsta472type
13:44:31.196 [TestNG-test-Surefire test-1] TRACE - Resolving type for handle themefd26doctype
13:44:31.199 [TestNG-test-Surefire test-1] DEBUG - using default POIXMLDocumentPart for http://schemas.openxmlformats.org/officeDocument/2006/relationships/printerSettings
13:44:31.200 [TestNG-test-Surefire test-1] TRACE - Resolving type for handle ctdrawing2748type
13:44:31.207 [TestNG-test-Surefire test-1] TRACE - Resolving type for handle chartspace36e0doctype
13:44:31.209 [TestNG-test-Surefire test-1] TRACE - Resolving type for handle ctchartspacef9b4type
13:44:31.218 [TestNG-test-Surefire test-1] DEBUG - using default POIXMLDocumentPart for http://schemas.openxmlformats.org/officeDocument/2006/relationships/chartUserShapes
13:44:31.218 [TestNG-test-Surefire test-1] DEBUG - using default POIXMLDocumentPart for http://schemas.openxmlformats.org/officeDocument/2006/relationships/chartUserShapes
13:44:31.218 [TestNG-test-Surefire test-1] DEBUG - using default POIXMLDocumentPart for http://schemas.openxmlformats.org/officeDocument/2006/relationships/chartUserShapes
13:44:31.218 [TestNG-test-Surefire test-1] DEBUG - using default POIXMLDocumentPart for http://schemas.openxmlformats.org/officeDocument/2006/relationships/printerSettings
13:44:31.221 [TestNG-test-Surefire test-1] DEBUG - using default POIXMLDocumentPart for http://schemas.openxmlformats.org/officeDocument/2006/relationships/chartUserShapes
13:44:31.221 [TestNG-test-Surefire test-1] DEBUG - using default POIXMLDocumentPart for http://schemas.openxmlformats.org/officeDocument/2006/relationships/printerSettings
13:44:31.223 [TestNG-test-Surefire test-1] DEBUG - using default POIXMLDocumentPart for http://schemas.openxmlformats.org/officeDocument/2006/relationships/printerSettings
13:44:31.225 [TestNG-test-Surefire test-1] DEBUG - using default POIXMLDocumentPart for http://schemas.openxmlformats.org/officeDocument/2006/relationships/chartUserShapes
13:44:31.225 [TestNG-test-Surefire test-1] DEBUG - using default POIXMLDocumentPart for http://schemas.openxmlformats.org/officeDocument/2006/relationships/printerSettings
13:44:31.226 [TestNG-test-Surefire test-1] DEBUG - using default POIXMLDocumentPart for http://schemas.openxmlformats.org/officeDocument/2006/relationships/printerSettings
13:44:31.227 [TestNG-test-Surefire test-1] DEBUG - using default POIXMLDocumentPart for http://schemas.openxmlformats.org/officeDocument/2006/relationships/printerSettings
13:44:31.228 [TestNG-test-Surefire test-1] DEBUG - using default POIXMLDocumentPart for http://schemas.openxmlformats.org/officeDocument/2006/relationships/printerSettings
13:44:31.229 [TestNG-test-Surefire test-1] TRACE - Resolving type for handle workbookec17doctype
13:44:31.230 [TestNG-test-Surefire test-1] TRACE - Resolving type for handle ctworkbook83c3type
13:44:31.232 [TestNG-test-Surefire test-1] TRACE - Resolving type for handle ctsheets49fdtype
13:44:31.233 [TestNG-test-Surefire test-1] TRACE - Resolving type for handle ctsheet4dbetype
13:44:31.234 [TestNG-test-Surefire test-1] TRACE - Resolving type for handle strelationshipid1e94type
13:44:31.234 [TestNG-test-Surefire test-1] TRACE - Resolving type for handle worksheetf539doctype
13:44:31.236 [TestNG-test-Surefire test-1] TRACE - Resolving type for handle ctworksheet530dtype
13:44:31.239 [TestNG-test-Surefire test-1] TRACE - Resolving type for handle ctcols627ctype
13:44:31.240 [TestNG-test-Surefire test-1] TRACE - Resolving type for handle ctcola95ftype
13:44:31.246 [TestNG-test-Surefire test-1] TRACE - Resolving type for handle ctsheetdata8408type
13:44:31.246 [TestNG-test-Surefire test-1] TRACE - Resolving type for handle ctrowdd39type
13:44:31.248 [TestNG-test-Surefire test-1] TRACE - Resolving type for handle ctcell842btype
13:44:31.251 [TestNG-test-Surefire test-1] TRACE - Resolving type for handle stcellrefe4e0type
13:44:31.266 [TestNG-test-Surefire test-1] TRACE - Resolving type for handle ctdefinednamesce48type
13:44:31.267 [TestNG-test-Surefire test-1] TRACE - Resolving type for handle ctdefinedname9413type
13:44:31.269 [TestNG-test-Surefire test-1] TRACE - Resolving type for handle stxstringf179type
13:44:31.271 [TestNG-test-Surefire test-1] TRACE - Resolving type for handle stsheetstate158btype
13:44:31.276 [TestNG-test-Surefire test-1] TRACE - Resolving type for handle stcelltypebf95type
13:44:31.279 [TestNG-test-Surefire test-1] TRACE - Resolving type for handle ctdrawing44fdtype
13:44:31.280 [TestNG-test-Surefire test-1] TRACE - Resolving type for handle cttwocellanchor1e8dtype
13:44:31.281 [TestNG-test-Surefire test-1] TRACE - Resolving type for handle ctmarkeree8etype
13:44:31.282 [TestNG-test-Surefire test-1] TRACE - Resolving type for handle strowidf4cftype
13:44:31.286 [TestNG-test-Surefire test-1] TRACE - Resolving type for handle ctmergecells1242type
13:44:31.287 [TestNG-test-Surefire test-1] TRACE - Resolving type for handle ctmergecelle8d9type
13:44:31.287 [TestNG-test-Surefire test-1] TRACE - Resolving type for handle stref90a2type
13:44:31.296 [TestNG-test-Surefire test-1] TRACE - Resolving type for handle stnumfmtid76fbtype
13:44:31.296 [TestNG-test-Surefire test-1] TRACE - Resolving type for handle stfontid9d63type
13:44:31.297 [TestNG-test-Surefire test-1] TRACE - Resolving type for handle stfillida097type
13:44:31.297 [TestNG-test-Surefire test-1] TRACE - Resolving type for handle stborderid1a80type
13:44:31.297 [TestNG-test-Surefire test-1] TRACE - Resolving type for handle stcellstylexfid70c7type
13:44:31.299 [TestNG-test-Surefire test-1] TRACE - Resolving type for handle ctcellalignmentb580type
13:44:31.299 [TestNG-test-Surefire test-1] TRACE - Resolving type for handle stverticalalignmentd35ctype
13:44:31.300 [TestNG-test-Surefire test-1] TRACE - Resolving type for handle ctborderpre497type
13:44:31.301 [TestNG-test-Surefire test-1] TRACE - Resolving type for handle stborderstylec774type
13:44:31.301 [TestNG-test-Surefire test-1] TRACE - Resolving type for handle ctcolord2c2type
13:44:31.303 [TestNG-test-Surefire test-1] TRACE - Resolving type for handle sthorizontalalignmentf92etype
13:44:31.305 [TestNG-test-Surefire test-1] TRACE - Resolving type for handle ctchartc108type
13:44:31.306 [TestNG-test-Surefire test-1] TRACE - Resolving type for handle cttitleb54etype
13:44:31.324 [TestNG-test-Surefire test-1] TRACE - Resolving type for handle cttx9678type
13:44:31.325 [TestNG-test-Surefire test-1] TRACE - Resolving type for handle cttextbodya3catype
13:44:31.326 [TestNG-test-Surefire test-1] TRACE - Resolving type for handle cttextparagraphcaf2type
13:44:31.327 [TestNG-test-Surefire test-1] TRACE - Resolving type for handle ctregulartextrun7e3dtype
13:44:31.331 [TestNG-test-Surefire test-1] TRACE - Resolving type for handle ctplotarea106etype
13:44:31.334 [TestNG-test-Surefire test-1] TRACE - Resolving type for handle ctcatax7159type
13:44:31.335 [TestNG-test-Surefire test-1] TRACE - Resolving type for handle ctunsignedinte8ectype
13:44:31.336 [TestNG-test-Surefire test-1] TRACE - Resolving type for handle ctvalaxd06etype
13:44:31.337 [TestNG-test-Surefire test-1] TRACE - Resolving type for handle ctbarchart4151type
13:44:31.338 [TestNG-test-Surefire test-1] TRACE - Resolving type for handle ctbardir5f42type
13:44:31.339 [TestNG-test-Surefire test-1] TRACE - Resolving type for handle ctbarser960ftype
13:44:31.340 [TestNG-test-Surefire test-1] TRACE - Resolving type for handle ctaxdatasource1440type
13:44:31.341 [TestNG-test-Surefire test-1] TRACE - Resolving type for handle ctnumdatasourcef0bbtype
13:44:31.342 [TestNG-test-Surefire test-1] TRACE - Resolving type for handle ctstrref5d1atype
13:44:31.343 [TestNG-test-Surefire test-1] TRACE - Resolving type for handle ctstrdatad58btype
13:44:31.344 [TestNG-test-Surefire test-1] TRACE - Resolving type for handle ctnumref062ftype
13:44:31.344 [TestNG-test-Surefire test-1] TRACE - Resolving type for handle ctnumdata4f16type
13:44:31.349 [TestNG-test-Surefire test-1] TRACE - Resolving type for handle ctworkbookpr03a5type
13:44:31.351 [TestNG-test-Surefire test-1] TRACE - Resolving type for handle ctbookviewsb864type
13:44:31.351 [TestNG-test-Surefire test-1] TRACE - Resolving type for handle ctbookviewf677type
13:44:31.353 [TestNG-test-Surefire test-1] TRACE - Resolving type for handle propertiesee84doctype
13:44:31.353 [TestNG-test-Surefire test-1] TRACE - Resolving type for handle ctproperties3f10type
13:44:31.355 [TestNG-test-Surefire test-1] TRACE - Resolving type for handle properties288cdoctype
13:44:31.356 [TestNG-test-Surefire test-1] TRACE - Resolving type for handle ctproperties2c18type
13:44:31.357 [TestNG-test-Surefire test-1] TRACE - Resolving type for handle ctfontsizeb3b9type
13:44:31.357 [TestNG-test-Surefire test-1] TRACE - Resolving type for handle ctfontname2dc3type
13:44:31.358 [TestNG-test-Surefire test-1] TRACE - Resolving type for handle ctfontfamily685ctype
13:44:31.358 [TestNG-test-Surefire test-1] TRACE - Resolving type for handle stfontfamily9c6ctype
13:44:31.359 [TestNG-test-Surefire test-1] TRACE - Resolving type for handle ctfontschemebf5dtype
13:44:31.359 [TestNG-test-Surefire test-1] TRACE - Resolving type for handle stfontschemef36dtype
13:44:31.360 [TestNG-test-Surefire test-1] TRACE - Resolving type for handle ctpatternfill7452type
13:44:31.361 [TestNG-test-Surefire test-1] TRACE - Resolving type for handle stpatterntype7939type
13:44:31.362 [TestNG-test-Surefire test-1] TRACE - Resolving type for handle ctsheetformatprdef7type
13:44:31.362 [TestNG-test-Surefire test-1] TRACE - Resolving type for handle ctsheetviewsb918type
13:44:31.363 [TestNG-test-Surefire test-1] TRACE - Resolving type for handle ctsheetview0f43type
13:44:31.364 [TestNG-test-Surefire test-1] TRACE - Resolving type for handle ctsheetdimensiond310type
13:44:31.365 [TestNG-test-Surefire test-1] TRACE - Resolving type for handle ctpagemargins5455type
13:44:31.366 [TestNG-test-Surefire test-1] TRACE - Resolving type for handle ctstrval86cctype
13:44:31.367 [TestNG-test-Surefire test-1] TRACE - Resolving type for handle ctnumval2fe1type
13:44:31.369 [TestNG-test-Surefire test-1] TRACE - Resolving type for handle ctbooleanproperty1f3ctype
13:44:31.371 [TestNG-test-Surefire test-1] TRACE - Resolving type for handle stunsignedinthex27datype
13:44:31.380 [TestNG-test-Surefire test-1] TRACE - Resolving type for handle ctsheetprotection22f7type
13:44:31.388 [TestNG-test-Surefire test-1] TRACE - Resolving type for handle ctpaneaab1type
13:44:31.389 [TestNG-test-Surefire test-1] TRACE - Resolving type for handle stpane2ac1type
13:44:31.390 [TestNG-test-Surefire test-1] TRACE - Resolving type for handle stpanestateae58type
13:44:31.391 [TestNG-test-Surefire test-1] TRACE - Resolving type for handle ctselectionca2btype
13:44:31.402 [TestNG-test-Surefire test-1] TRACE - Resolving type for handle ctworkbookprotection56bctype
13:44:31.417 [TestNG-test-Surefire test-1] TRACE - Resolving type for handle ctnumfmtsb58btype
13:44:31.430 [TestNG-test-Surefire test-1] DEBUG - Save content types part
13:44:31.451 [TestNG-test-Surefire test-1] DEBUG - Save package relationships
13:44:31.453 [TestNG-test-Surefire test-1] DEBUG - Save part 'docProps/app.xml'
13:44:31.453 [TestNG-test-Surefire test-1] DEBUG - Save part 'docProps/core.xml'
13:44:31.454 [TestNG-test-Surefire test-1] DEBUG - Save part 'xl/charts/chart1.xml'
13:44:31.454 [TestNG-test-Surefire test-1] DEBUG - Save part 'xl/charts/chart2.xml'
13:44:31.454 [TestNG-test-Surefire test-1] DEBUG - Save part 'xl/charts/chart3.xml'
13:44:31.454 [TestNG-test-Surefire test-1] DEBUG - Save part 'xl/charts/chart4.xml'
13:44:31.455 [TestNG-test-Surefire test-1] DEBUG - Save part 'xl/charts/chart5.xml'
13:44:31.455 [TestNG-test-Surefire test-1] DEBUG - Save part 'xl/charts/chart6.xml'
13:44:31.456 [TestNG-test-Surefire test-1] DEBUG - Save part 'xl/charts/chart7.xml'
13:44:31.456 [TestNG-test-Surefire test-1] DEBUG - Save part 'xl/charts/chart8.xml'
13:44:31.456 [TestNG-test-Surefire test-1] DEBUG - Save part 'xl/charts/chart9.xml'
13:44:31.457 [TestNG-test-Surefire test-1] DEBUG - Save part 'xl/charts/chart10.xml'
13:44:31.457 [TestNG-test-Surefire test-1] DEBUG - Save part 'xl/charts/chart11.xml'
13:44:31.457 [TestNG-test-Surefire test-1] DEBUG - Save part 'xl/charts/chart12.xml'
13:44:31.457 [TestNG-test-Surefire test-1] DEBUG - Save part 'xl/charts/chart13.xml'
13:44:31.458 [TestNG-test-Surefire test-1] DEBUG - Save part 'xl/drawings/drawing1.xml'
13:44:31.458 [TestNG-test-Surefire test-1] DEBUG - Save part 'xl/drawings/drawing2.xml'
13:44:31.459 [TestNG-test-Surefire test-1] DEBUG - Save part 'xl/drawings/drawing3.xml'
13:44:31.459 [TestNG-test-Surefire test-1] DEBUG - Save part 'xl/drawings/drawing4.xml'
13:44:31.459 [TestNG-test-Surefire test-1] DEBUG - Save part 'xl/drawings/drawing5.xml'
13:44:31.459 [TestNG-test-Surefire test-1] DEBUG - Save part 'xl/drawings/drawing6.xml'
13:44:31.459 [TestNG-test-Surefire test-1] DEBUG - Save part 'xl/drawings/drawing7.xml'
13:44:31.460 [TestNG-test-Surefire test-1] DEBUG - Save part 'xl/drawings/drawing8.xml'
13:44:31.460 [TestNG-test-Surefire test-1] DEBUG - Save part 'xl/drawings/drawing9.xml'
13:44:31.461 [TestNG-test-Surefire test-1] DEBUG - Save part 'xl/printerSettings/printerSettings1.bin'
13:44:31.461 [TestNG-test-Surefire test-1] DEBUG - Save part 'xl/printerSettings/printerSettings2.bin'
13:44:31.461 [TestNG-test-Surefire test-1] DEBUG - Save part 'xl/printerSettings/printerSettings3.bin'
13:44:31.461 [TestNG-test-Surefire test-1] DEBUG - Save part 'xl/printerSettings/printerSettings4.bin'
13:44:31.461 [TestNG-test-Surefire test-1] DEBUG - Save part 'xl/printerSettings/printerSettings5.bin'
13:44:31.461 [TestNG-test-Surefire test-1] DEBUG - Save part 'xl/printerSettings/printerSettings8.bin'
13:44:31.461 [TestNG-test-Surefire test-1] DEBUG - Save part 'xl/sharedStrings.xml'
13:44:31.461 [TestNG-test-Surefire test-1] DEBUG - Save part 'xl/styles.xml'
13:44:31.461 [TestNG-test-Surefire test-1] DEBUG - Save part 'xl/theme/theme1.xml'
13:44:31.462 [TestNG-test-Surefire test-1] DEBUG - Save part 'xl/workbook.xml'
13:44:31.462 [TestNG-test-Surefire test-1] DEBUG - Save part 'xl/worksheets/sheet1.xml'
13:44:31.463 [TestNG-test-Surefire test-1] DEBUG - Save part 'xl/worksheets/sheet2.xml'
13:44:31.463 [TestNG-test-Surefire test-1] DEBUG - Save part 'xl/worksheets/sheet3.xml'
13:44:31.464 [TestNG-test-Surefire test-1] DEBUG - Save part 'xl/worksheets/sheet4.xml'
13:44:31.464 [TestNG-test-Surefire test-1] DEBUG - Save part 'xl/worksheets/sheet5.xml'
13:44:31.464 [TestNG-test-Surefire test-1] DEBUG - Save part 'xl/worksheets/sheet8.xml'
13:44:31.502 [main] TRACE - [Graph] ADDING NODE AbstractTestNGCucumberTests.runScenario(io.cucumber.testng.PickleWrapper,io.cucumber.testng.FeatureWrapper)[pri:0, instance:testRunners.ParallelRunner@13ad5cd3] -820230748
13:44:31.502 [main] TRACE - [Graph] ================ SORTING
13:44:31.502 [main] TRACE - [Graph] =============== DONE SORTING
13:44:31.502 [main] TRACE - [Graph] ====== SORTED NODES
13:44:31.502 [main] TRACE - [Graph] ====== END SORTED NODES
